[2026-03-22T19:16:57.927+0000] {processor.py:186} INFO - Started process (PID=33) to work on /opt/airflow/dags/crybaby_training_pipeline.py
[2026-03-22T19:16:57.928+0000] {processor.py:914} INFO - Processing file /opt/airflow/dags/crybaby_training_pipeline.py for tasks to queue
[2026-03-22T19:16:57.930+0000] {logging_mixin.py:190} INFO - [2026-03-22T19:16:57.930+0000] {dagbag.py:588} INFO - Filling up the DagBag from /opt/airflow/dags/crybaby_training_pipeline.py
[2026-03-22T19:16:57.985+0000] {logging_mixin.py:190} INFO - [2026-03-22T19:16:57.983+0000] {dagbag.py:387} ERROR - Failed to import: /opt/airflow/dags/crybaby_training_pipeline.py
Traceback (most recent call last):
  File "/home/airflow/.local/lib/python3.10/site-packages/airflow/models/dagbag.py", line 383, in parse
    loader.exec_module(new_module)
  File "<frozen importlib._bootstrap_external>", line 883, in exec_module
  File "<frozen importlib._bootstrap>", line 241, in _call_with_frames_removed
  File "/opt/airflow/dags/crybaby_training_pipeline.py", line 5, in <module>
    from airflow.providers.standard.operators.python import PythonOperator
ModuleNotFoundError: No module named 'airflow.providers.standard'
[2026-03-22T19:16:57.986+0000] {processor.py:927} WARNING - No viable dags retrieved from /opt/airflow/dags/crybaby_training_pipeline.py
[2026-03-22T19:16:58.006+0000] {processor.py:208} INFO - Processing /opt/airflow/dags/crybaby_training_pipeline.py took 0.084 seconds
[2026-03-22T19:17:28.145+0000] {processor.py:186} INFO - Started process (PID=34) to work on /opt/airflow/dags/crybaby_training_pipeline.py
[2026-03-22T19:17:28.146+0000] {processor.py:914} INFO - Processing file /opt/airflow/dags/crybaby_training_pipeline.py for tasks to queue
[2026-03-22T19:17:28.148+0000] {logging_mixin.py:190} INFO - [2026-03-22T19:17:28.148+0000] {dagbag.py:588} INFO - Filling up the DagBag from /opt/airflow/dags/crybaby_training_pipeline.py
[2026-03-22T19:17:28.164+0000] {logging_mixin.py:190} INFO - [2026-03-22T19:17:28.161+0000] {dagbag.py:387} ERROR - Failed to import: /opt/airflow/dags/crybaby_training_pipeline.py
Traceback (most recent call last):
  File "/home/airflow/.local/lib/python3.10/site-packages/airflow/models/dagbag.py", line 383, in parse
    loader.exec_module(new_module)
  File "<frozen importlib._bootstrap_external>", line 883, in exec_module
  File "<frozen importlib._bootstrap>", line 241, in _call_with_frames_removed
  File "/opt/airflow/dags/crybaby_training_pipeline.py", line 5, in <module>
    from airflow.providers.standard.operators.python import PythonOperator
ModuleNotFoundError: No module named 'airflow.providers.standard'
[2026-03-22T19:17:28.166+0000] {processor.py:927} WARNING - No viable dags retrieved from /opt/airflow/dags/crybaby_training_pipeline.py
[2026-03-22T19:17:28.193+0000] {processor.py:208} INFO - Processing /opt/airflow/dags/crybaby_training_pipeline.py took 0.053 seconds
[2026-03-22T19:17:47.752+0000] {processor.py:186} INFO - Started process (PID=35) to work on /opt/airflow/dags/crybaby_training_pipeline.py
[2026-03-22T19:17:47.753+0000] {processor.py:914} INFO - Processing file /opt/airflow/dags/crybaby_training_pipeline.py for tasks to queue
[2026-03-22T19:17:47.755+0000] {logging_mixin.py:190} INFO - [2026-03-22T19:17:47.755+0000] {dagbag.py:588} INFO - Filling up the DagBag from /opt/airflow/dags/crybaby_training_pipeline.py
[2026-03-22T19:17:47.782+0000] {processor.py:925} INFO - DAG(s) 'crybaby_training_pipeline' retrieved from /opt/airflow/dags/crybaby_training_pipeline.py
[2026-03-22T19:17:47.936+0000] {logging_mixin.py:190} INFO - [2026-03-22T19:17:47.935+0000] {override.py:1900} INFO - Created Permission View: can read on DAG:crybaby_training_pipeline
[2026-03-22T19:17:47.952+0000] {logging_mixin.py:190} INFO - [2026-03-22T19:17:47.952+0000] {override.py:1900} INFO - Created Permission View: can edit on DAG:crybaby_training_pipeline
[2026-03-22T19:17:47.968+0000] {logging_mixin.py:190} INFO - [2026-03-22T19:17:47.967+0000] {override.py:1900} INFO - Created Permission View: can delete on DAG:crybaby_training_pipeline
[2026-03-22T19:17:47.990+0000] {logging_mixin.py:190} INFO - [2026-03-22T19:17:47.990+0000] {override.py:1900} INFO - Created Permission View: can read on DAG Run:crybaby_training_pipeline
[2026-03-22T19:17:48.004+0000] {logging_mixin.py:190} INFO - [2026-03-22T19:17:48.004+0000] {override.py:1900} INFO - Created Permission View: can create on DAG Run:crybaby_training_pipeline
[2026-03-22T19:17:48.020+0000] {logging_mixin.py:190} INFO - [2026-03-22T19:17:48.020+0000] {override.py:1900} INFO - Created Permission View: menu access on DAG Run:crybaby_training_pipeline
[2026-03-22T19:17:48.037+0000] {logging_mixin.py:190} INFO - [2026-03-22T19:17:48.037+0000] {override.py:1900} INFO - Created Permission View: can delete on DAG Run:crybaby_training_pipeline
[2026-03-22T19:17:48.038+0000] {logging_mixin.py:190} INFO - [2026-03-22T19:17:48.037+0000] {dag.py:3239} INFO - Sync 1 DAGs
[2026-03-22T19:17:48.049+0000] {logging_mixin.py:190} INFO - [2026-03-22T19:17:48.049+0000] {dag.py:3262} INFO - Creating ORM DAG for crybaby_training_pipeline
[2026-03-22T19:17:48.050+0000] {logging_mixin.py:190} INFO - [2026-03-22T19:17:48.050+0000] {dag.py:4180} INFO - Setting next_dagrun for crybaby_training_pipeline to None, run_after=None
[2026-03-22T19:17:48.088+0000] {processor.py:208} INFO - Processing /opt/airflow/dags/crybaby_training_pipeline.py took 0.341 seconds
[2026-03-22T19:17:58.263+0000] {processor.py:186} INFO - Started process (PID=33) to work on /opt/airflow/dags/crybaby_training_pipeline.py
[2026-03-22T19:17:58.264+0000] {processor.py:914} INFO - Processing file /opt/airflow/dags/crybaby_training_pipeline.py for tasks to queue
[2026-03-22T19:17:58.267+0000] {logging_mixin.py:190} INFO - [2026-03-22T19:17:58.266+0000] {dagbag.py:588} INFO - Filling up the DagBag from /opt/airflow/dags/crybaby_training_pipeline.py
[2026-03-22T19:17:58.284+0000] {processor.py:925} INFO - DAG(s) 'crybaby_training_pipeline' retrieved from /opt/airflow/dags/crybaby_training_pipeline.py
[2026-03-22T19:17:58.297+0000] {logging_mixin.py:190} INFO - [2026-03-22T19:17:58.297+0000] {dag.py:3239} INFO - Sync 1 DAGs
[2026-03-22T19:17:58.311+0000] {logging_mixin.py:190} INFO - [2026-03-22T19:17:58.311+0000] {dag.py:4180} INFO - Setting next_dagrun for crybaby_training_pipeline to None, run_after=None
[2026-03-22T19:17:58.359+0000] {processor.py:208} INFO - Processing /opt/airflow/dags/crybaby_training_pipeline.py took 0.101 seconds
[2026-03-22T19:18:28.564+0000] {processor.py:186} INFO - Started process (PID=34) to work on /opt/airflow/dags/crybaby_training_pipeline.py
[2026-03-22T19:18:28.566+0000] {processor.py:914} INFO - Processing file /opt/airflow/dags/crybaby_training_pipeline.py for tasks to queue
[2026-03-22T19:18:28.568+0000] {logging_mixin.py:190} INFO - [2026-03-22T19:18:28.567+0000] {dagbag.py:588} INFO - Filling up the DagBag from /opt/airflow/dags/crybaby_training_pipeline.py
[2026-03-22T19:18:28.588+0000] {processor.py:925} INFO - DAG(s) 'crybaby_training_pipeline' retrieved from /opt/airflow/dags/crybaby_training_pipeline.py
[2026-03-22T19:18:28.615+0000] {logging_mixin.py:190} INFO - [2026-03-22T19:18:28.615+0000] {dag.py:3239} INFO - Sync 1 DAGs
[2026-03-22T19:18:28.627+0000] {logging_mixin.py:190} INFO - [2026-03-22T19:18:28.627+0000] {dag.py:4180} INFO - Setting next_dagrun for crybaby_training_pipeline to None, run_after=None
[2026-03-22T19:18:28.666+0000] {processor.py:208} INFO - Processing /opt/airflow/dags/crybaby_training_pipeline.py took 0.106 seconds
[2026-03-22T19:18:58.864+0000] {processor.py:186} INFO - Started process (PID=148) to work on /opt/airflow/dags/crybaby_training_pipeline.py
[2026-03-22T19:18:58.865+0000] {processor.py:914} INFO - Processing file /opt/airflow/dags/crybaby_training_pipeline.py for tasks to queue
[2026-03-22T19:18:58.867+0000] {logging_mixin.py:190} INFO - [2026-03-22T19:18:58.867+0000] {dagbag.py:588} INFO - Filling up the DagBag from /opt/airflow/dags/crybaby_training_pipeline.py
[2026-03-22T19:18:58.883+0000] {processor.py:925} INFO - DAG(s) 'crybaby_training_pipeline' retrieved from /opt/airflow/dags/crybaby_training_pipeline.py
[2026-03-22T19:18:58.906+0000] {logging_mixin.py:190} INFO - [2026-03-22T19:18:58.905+0000] {dag.py:3239} INFO - Sync 1 DAGs
[2026-03-22T19:18:58.915+0000] {logging_mixin.py:190} INFO - [2026-03-22T19:18:58.915+0000] {dag.py:4180} INFO - Setting next_dagrun for crybaby_training_pipeline to None, run_after=None
[2026-03-22T19:18:58.942+0000] {processor.py:208} INFO - Processing /opt/airflow/dags/crybaby_training_pipeline.py took 0.084 seconds
[2026-03-22T19:19:29.432+0000] {processor.py:186} INFO - Started process (PID=149) to work on /opt/airflow/dags/crybaby_training_pipeline.py
[2026-03-22T19:19:29.433+0000] {processor.py:914} INFO - Processing file /opt/airflow/dags/crybaby_training_pipeline.py for tasks to queue
[2026-03-22T19:19:29.436+0000] {logging_mixin.py:190} INFO - [2026-03-22T19:19:29.435+0000] {dagbag.py:588} INFO - Filling up the DagBag from /opt/airflow/dags/crybaby_training_pipeline.py
[2026-03-22T19:19:29.449+0000] {processor.py:925} INFO - DAG(s) 'crybaby_training_pipeline' retrieved from /opt/airflow/dags/crybaby_training_pipeline.py
[2026-03-22T19:19:29.470+0000] {logging_mixin.py:190} INFO - [2026-03-22T19:19:29.470+0000] {dag.py:3239} INFO - Sync 1 DAGs
[2026-03-22T19:19:29.480+0000] {logging_mixin.py:190} INFO - [2026-03-22T19:19:29.479+0000] {dag.py:4180} INFO - Setting next_dagrun for crybaby_training_pipeline to None, run_after=None
[2026-03-22T19:19:29.508+0000] {processor.py:208} INFO - Processing /opt/airflow/dags/crybaby_training_pipeline.py took 0.081 seconds
[2026-03-22T19:19:59.741+0000] {processor.py:186} INFO - Started process (PID=150) to work on /opt/airflow/dags/crybaby_training_pipeline.py
[2026-03-22T19:19:59.742+0000] {processor.py:914} INFO - Processing file /opt/airflow/dags/crybaby_training_pipeline.py for tasks to queue
[2026-03-22T19:19:59.744+0000] {logging_mixin.py:190} INFO - [2026-03-22T19:19:59.744+0000] {dagbag.py:588} INFO - Filling up the DagBag from /opt/airflow/dags/crybaby_training_pipeline.py
[2026-03-22T19:19:59.757+0000] {processor.py:925} INFO - DAG(s) 'crybaby_training_pipeline' retrieved from /opt/airflow/dags/crybaby_training_pipeline.py
[2026-03-22T19:19:59.779+0000] {logging_mixin.py:190} INFO - [2026-03-22T19:19:59.779+0000] {dag.py:3239} INFO - Sync 1 DAGs
[2026-03-22T19:19:59.789+0000] {logging_mixin.py:190} INFO - [2026-03-22T19:19:59.789+0000] {dag.py:4180} INFO - Setting next_dagrun for crybaby_training_pipeline to None, run_after=None
[2026-03-22T19:19:59.817+0000] {processor.py:208} INFO - Processing /opt/airflow/dags/crybaby_training_pipeline.py took 0.081 seconds
[2026-03-22T19:20:30.038+0000] {processor.py:186} INFO - Started process (PID=151) to work on /opt/airflow/dags/crybaby_training_pipeline.py
[2026-03-22T19:20:30.039+0000] {processor.py:914} INFO - Processing file /opt/airflow/dags/crybaby_training_pipeline.py for tasks to queue
[2026-03-22T19:20:30.041+0000] {logging_mixin.py:190} INFO - [2026-03-22T19:20:30.041+0000] {dagbag.py:588} INFO - Filling up the DagBag from /opt/airflow/dags/crybaby_training_pipeline.py
[2026-03-22T19:20:30.055+0000] {processor.py:925} INFO - DAG(s) 'crybaby_training_pipeline' retrieved from /opt/airflow/dags/crybaby_training_pipeline.py
[2026-03-22T19:20:30.101+0000] {logging_mixin.py:190} INFO - [2026-03-22T19:20:30.101+0000] {dag.py:3239} INFO - Sync 1 DAGs
[2026-03-22T19:20:30.113+0000] {logging_mixin.py:190} INFO - [2026-03-22T19:20:30.112+0000] {dag.py:4180} INFO - Setting next_dagrun for crybaby_training_pipeline to None, run_after=None
[2026-03-22T19:20:30.142+0000] {processor.py:208} INFO - Processing /opt/airflow/dags/crybaby_training_pipeline.py took 0.109 seconds
[2026-03-22T19:21:00.404+0000] {processor.py:186} INFO - Started process (PID=152) to work on /opt/airflow/dags/crybaby_training_pipeline.py
[2026-03-22T19:21:00.405+0000] {processor.py:914} INFO - Processing file /opt/airflow/dags/crybaby_training_pipeline.py for tasks to queue
[2026-03-22T19:21:00.408+0000] {logging_mixin.py:190} INFO - [2026-03-22T19:21:00.407+0000] {dagbag.py:588} INFO - Filling up the DagBag from /opt/airflow/dags/crybaby_training_pipeline.py
[2026-03-22T19:21:00.422+0000] {processor.py:925} INFO - DAG(s) 'crybaby_training_pipeline' retrieved from /opt/airflow/dags/crybaby_training_pipeline.py
[2026-03-22T19:21:00.446+0000] {logging_mixin.py:190} INFO - [2026-03-22T19:21:00.446+0000] {dag.py:3239} INFO - Sync 1 DAGs
[2026-03-22T19:21:00.459+0000] {logging_mixin.py:190} INFO - [2026-03-22T19:21:00.459+0000] {dag.py:4180} INFO - Setting next_dagrun for crybaby_training_pipeline to None, run_after=None
[2026-03-22T19:21:00.496+0000] {processor.py:208} INFO - Processing /opt/airflow/dags/crybaby_training_pipeline.py took 0.097 seconds
[2026-03-22T19:21:30.828+0000] {processor.py:186} INFO - Started process (PID=153) to work on /opt/airflow/dags/crybaby_training_pipeline.py
[2026-03-22T19:21:30.829+0000] {processor.py:914} INFO - Processing file /opt/airflow/dags/crybaby_training_pipeline.py for tasks to queue
[2026-03-22T19:21:30.831+0000] {logging_mixin.py:190} INFO - [2026-03-22T19:21:30.831+0000] {dagbag.py:588} INFO - Filling up the DagBag from /opt/airflow/dags/crybaby_training_pipeline.py
[2026-03-22T19:21:30.845+0000] {processor.py:925} INFO - DAG(s) 'crybaby_training_pipeline' retrieved from /opt/airflow/dags/crybaby_training_pipeline.py
[2026-03-22T19:21:30.868+0000] {logging_mixin.py:190} INFO - [2026-03-22T19:21:30.868+0000] {dag.py:3239} INFO - Sync 1 DAGs
[2026-03-22T19:21:30.879+0000] {logging_mixin.py:190} INFO - [2026-03-22T19:21:30.879+0000] {dag.py:4180} INFO - Setting next_dagrun for crybaby_training_pipeline to None, run_after=None
[2026-03-22T19:21:30.908+0000] {processor.py:208} INFO - Processing /opt/airflow/dags/crybaby_training_pipeline.py took 0.085 seconds
[2026-03-22T19:22:01.062+0000] {processor.py:186} INFO - Started process (PID=154) to work on /opt/airflow/dags/crybaby_training_pipeline.py
[2026-03-22T19:22:01.063+0000] {processor.py:914} INFO - Processing file /opt/airflow/dags/crybaby_training_pipeline.py for tasks to queue
[2026-03-22T19:22:01.066+0000] {logging_mixin.py:190} INFO - [2026-03-22T19:22:01.066+0000] {dagbag.py:588} INFO - Filling up the DagBag from /opt/airflow/dags/crybaby_training_pipeline.py
[2026-03-22T19:22:01.080+0000] {processor.py:925} INFO - DAG(s) 'crybaby_training_pipeline' retrieved from /opt/airflow/dags/crybaby_training_pipeline.py
[2026-03-22T19:22:01.105+0000] {logging_mixin.py:190} INFO - [2026-03-22T19:22:01.105+0000] {dag.py:3239} INFO - Sync 1 DAGs
[2026-03-22T19:22:01.117+0000] {logging_mixin.py:190} INFO - [2026-03-22T19:22:01.117+0000] {dag.py:4180} INFO - Setting next_dagrun for crybaby_training_pipeline to None, run_after=None
[2026-03-22T19:22:01.146+0000] {processor.py:208} INFO - Processing /opt/airflow/dags/crybaby_training_pipeline.py took 0.089 seconds
[2026-03-22T19:22:31.310+0000] {processor.py:186} INFO - Started process (PID=155) to work on /opt/airflow/dags/crybaby_training_pipeline.py
[2026-03-22T19:22:31.311+0000] {processor.py:914} INFO - Processing file /opt/airflow/dags/crybaby_training_pipeline.py for tasks to queue
[2026-03-22T19:22:31.314+0000] {logging_mixin.py:190} INFO - [2026-03-22T19:22:31.313+0000] {dagbag.py:588} INFO - Filling up the DagBag from /opt/airflow/dags/crybaby_training_pipeline.py
[2026-03-22T19:22:31.328+0000] {processor.py:925} INFO - DAG(s) 'crybaby_training_pipeline' retrieved from /opt/airflow/dags/crybaby_training_pipeline.py
[2026-03-22T19:22:31.350+0000] {logging_mixin.py:190} INFO - [2026-03-22T19:22:31.350+0000] {dag.py:3239} INFO - Sync 1 DAGs
[2026-03-22T19:22:31.384+0000] {logging_mixin.py:190} INFO - [2026-03-22T19:22:31.384+0000] {dag.py:4180} INFO - Setting next_dagrun for crybaby_training_pipeline to None, run_after=None
[2026-03-22T19:22:31.416+0000] {processor.py:208} INFO - Processing /opt/airflow/dags/crybaby_training_pipeline.py took 0.110 seconds
[2026-03-22T19:23:01.540+0000] {processor.py:186} INFO - Started process (PID=156) to work on /opt/airflow/dags/crybaby_training_pipeline.py
[2026-03-22T19:23:01.541+0000] {processor.py:914} INFO - Processing file /opt/airflow/dags/crybaby_training_pipeline.py for tasks to queue
[2026-03-22T19:23:01.543+0000] {logging_mixin.py:190} INFO - [2026-03-22T19:23:01.543+0000] {dagbag.py:588} INFO - Filling up the DagBag from /opt/airflow/dags/crybaby_training_pipeline.py
[2026-03-22T19:23:01.557+0000] {processor.py:925} INFO - DAG(s) 'crybaby_training_pipeline' retrieved from /opt/airflow/dags/crybaby_training_pipeline.py
[2026-03-22T19:23:01.580+0000] {logging_mixin.py:190} INFO - [2026-03-22T19:23:01.580+0000] {dag.py:3239} INFO - Sync 1 DAGs
[2026-03-22T19:23:01.592+0000] {logging_mixin.py:190} INFO - [2026-03-22T19:23:01.592+0000] {dag.py:4180} INFO - Setting next_dagrun for crybaby_training_pipeline to None, run_after=None
[2026-03-22T19:23:01.652+0000] {processor.py:208} INFO - Processing /opt/airflow/dags/crybaby_training_pipeline.py took 0.117 seconds
[2026-03-22T19:23:31.882+0000] {processor.py:186} INFO - Started process (PID=157) to work on /opt/airflow/dags/crybaby_training_pipeline.py
[2026-03-22T19:23:31.883+0000] {processor.py:914} INFO - Processing file /opt/airflow/dags/crybaby_training_pipeline.py for tasks to queue
[2026-03-22T19:23:31.885+0000] {logging_mixin.py:190} INFO - [2026-03-22T19:23:31.885+0000] {dagbag.py:588} INFO - Filling up the DagBag from /opt/airflow/dags/crybaby_training_pipeline.py
[2026-03-22T19:23:31.900+0000] {processor.py:925} INFO - DAG(s) 'crybaby_training_pipeline' retrieved from /opt/airflow/dags/crybaby_training_pipeline.py
[2026-03-22T19:23:31.923+0000] {logging_mixin.py:190} INFO - [2026-03-22T19:23:31.923+0000] {dag.py:3239} INFO - Sync 1 DAGs
[2026-03-22T19:23:31.934+0000] {logging_mixin.py:190} INFO - [2026-03-22T19:23:31.933+0000] {dag.py:4180} INFO - Setting next_dagrun for crybaby_training_pipeline to None, run_after=None
[2026-03-22T19:23:31.959+0000] {processor.py:208} INFO - Processing /opt/airflow/dags/crybaby_training_pipeline.py took 0.082 seconds
[2026-03-22T19:24:02.116+0000] {processor.py:186} INFO - Started process (PID=158) to work on /opt/airflow/dags/crybaby_training_pipeline.py
[2026-03-22T19:24:02.117+0000] {processor.py:914} INFO - Processing file /opt/airflow/dags/crybaby_training_pipeline.py for tasks to queue
[2026-03-22T19:24:02.120+0000] {logging_mixin.py:190} INFO - [2026-03-22T19:24:02.120+0000] {dagbag.py:588} INFO - Filling up the DagBag from /opt/airflow/dags/crybaby_training_pipeline.py
[2026-03-22T19:24:02.142+0000] {processor.py:925} INFO - DAG(s) 'crybaby_training_pipeline' retrieved from /opt/airflow/dags/crybaby_training_pipeline.py
[2026-03-22T19:24:02.165+0000] {logging_mixin.py:190} INFO - [2026-03-22T19:24:02.165+0000] {dag.py:3239} INFO - Sync 1 DAGs
[2026-03-22T19:24:02.181+0000] {logging_mixin.py:190} INFO - [2026-03-22T19:24:02.180+0000] {dag.py:4180} INFO - Setting next_dagrun for crybaby_training_pipeline to None, run_after=None
[2026-03-22T19:24:02.227+0000] {processor.py:208} INFO - Processing /opt/airflow/dags/crybaby_training_pipeline.py took 0.117 seconds
[2026-03-22T19:24:32.460+0000] {processor.py:186} INFO - Started process (PID=159) to work on /opt/airflow/dags/crybaby_training_pipeline.py
[2026-03-22T19:24:32.461+0000] {processor.py:914} INFO - Processing file /opt/airflow/dags/crybaby_training_pipeline.py for tasks to queue
[2026-03-22T19:24:32.463+0000] {logging_mixin.py:190} INFO - [2026-03-22T19:24:32.463+0000] {dagbag.py:588} INFO - Filling up the DagBag from /opt/airflow/dags/crybaby_training_pipeline.py
[2026-03-22T19:24:32.478+0000] {processor.py:925} INFO - DAG(s) 'crybaby_training_pipeline' retrieved from /opt/airflow/dags/crybaby_training_pipeline.py
[2026-03-22T19:24:32.501+0000] {logging_mixin.py:190} INFO - [2026-03-22T19:24:32.501+0000] {dag.py:3239} INFO - Sync 1 DAGs
[2026-03-22T19:24:32.513+0000] {logging_mixin.py:190} INFO - [2026-03-22T19:24:32.512+0000] {dag.py:4180} INFO - Setting next_dagrun for crybaby_training_pipeline to None, run_after=None
[2026-03-22T19:24:32.540+0000] {processor.py:208} INFO - Processing /opt/airflow/dags/crybaby_training_pipeline.py took 0.085 seconds
[2026-03-22T19:25:02.692+0000] {processor.py:186} INFO - Started process (PID=160) to work on /opt/airflow/dags/crybaby_training_pipeline.py
[2026-03-22T19:25:02.693+0000] {processor.py:914} INFO - Processing file /opt/airflow/dags/crybaby_training_pipeline.py for tasks to queue
[2026-03-22T19:25:02.695+0000] {logging_mixin.py:190} INFO - [2026-03-22T19:25:02.695+0000] {dagbag.py:588} INFO - Filling up the DagBag from /opt/airflow/dags/crybaby_training_pipeline.py
[2026-03-22T19:25:02.708+0000] {processor.py:925} INFO - DAG(s) 'crybaby_training_pipeline' retrieved from /opt/airflow/dags/crybaby_training_pipeline.py
[2026-03-22T19:25:02.730+0000] {logging_mixin.py:190} INFO - [2026-03-22T19:25:02.730+0000] {dag.py:3239} INFO - Sync 1 DAGs
[2026-03-22T19:25:02.741+0000] {logging_mixin.py:190} INFO - [2026-03-22T19:25:02.741+0000] {dag.py:4180} INFO - Setting next_dagrun for crybaby_training_pipeline to None, run_after=None
[2026-03-22T19:25:02.770+0000] {processor.py:208} INFO - Processing /opt/airflow/dags/crybaby_training_pipeline.py took 0.083 seconds
[2026-03-22T19:25:32.957+0000] {processor.py:186} INFO - Started process (PID=161) to work on /opt/airflow/dags/crybaby_training_pipeline.py
[2026-03-22T19:25:32.958+0000] {processor.py:914} INFO - Processing file /opt/airflow/dags/crybaby_training_pipeline.py for tasks to queue
[2026-03-22T19:25:32.960+0000] {logging_mixin.py:190} INFO - [2026-03-22T19:25:32.960+0000] {dagbag.py:588} INFO - Filling up the DagBag from /opt/airflow/dags/crybaby_training_pipeline.py
[2026-03-22T19:25:32.973+0000] {processor.py:925} INFO - DAG(s) 'crybaby_training_pipeline' retrieved from /opt/airflow/dags/crybaby_training_pipeline.py
[2026-03-22T19:25:32.998+0000] {logging_mixin.py:190} INFO - [2026-03-22T19:25:32.998+0000] {dag.py:3239} INFO - Sync 1 DAGs
[2026-03-22T19:25:33.009+0000] {logging_mixin.py:190} INFO - [2026-03-22T19:25:33.008+0000] {dag.py:4180} INFO - Setting next_dagrun for crybaby_training_pipeline to None, run_after=None
[2026-03-22T19:25:33.043+0000] {processor.py:208} INFO - Processing /opt/airflow/dags/crybaby_training_pipeline.py took 0.091 seconds
[2026-03-22T19:26:03.233+0000] {processor.py:186} INFO - Started process (PID=162) to work on /opt/airflow/dags/crybaby_training_pipeline.py
[2026-03-22T19:26:03.234+0000] {processor.py:914} INFO - Processing file /opt/airflow/dags/crybaby_training_pipeline.py for tasks to queue
[2026-03-22T19:26:03.236+0000] {logging_mixin.py:190} INFO - [2026-03-22T19:26:03.236+0000] {dagbag.py:588} INFO - Filling up the DagBag from /opt/airflow/dags/crybaby_training_pipeline.py
[2026-03-22T19:26:03.255+0000] {processor.py:925} INFO - DAG(s) 'crybaby_training_pipeline' retrieved from /opt/airflow/dags/crybaby_training_pipeline.py
[2026-03-22T19:26:03.282+0000] {logging_mixin.py:190} INFO - [2026-03-22T19:26:03.282+0000] {dag.py:3239} INFO - Sync 1 DAGs
[2026-03-22T19:26:03.296+0000] {logging_mixin.py:190} INFO - [2026-03-22T19:26:03.296+0000] {dag.py:4180} INFO - Setting next_dagrun for crybaby_training_pipeline to None, run_after=None
[2026-03-22T19:26:03.333+0000] {processor.py:208} INFO - Processing /opt/airflow/dags/crybaby_training_pipeline.py took 0.106 seconds
[2026-03-22T19:26:33.621+0000] {processor.py:186} INFO - Started process (PID=163) to work on /opt/airflow/dags/crybaby_training_pipeline.py
[2026-03-22T19:26:33.623+0000] {processor.py:914} INFO - Processing file /opt/airflow/dags/crybaby_training_pipeline.py for tasks to queue
[2026-03-22T19:26:33.625+0000] {logging_mixin.py:190} INFO - [2026-03-22T19:26:33.624+0000] {dagbag.py:588} INFO - Filling up the DagBag from /opt/airflow/dags/crybaby_training_pipeline.py
[2026-03-22T19:26:33.638+0000] {processor.py:925} INFO - DAG(s) 'crybaby_training_pipeline' retrieved from /opt/airflow/dags/crybaby_training_pipeline.py
[2026-03-22T19:26:33.660+0000] {logging_mixin.py:190} INFO - [2026-03-22T19:26:33.659+0000] {dag.py:3239} INFO - Sync 1 DAGs
[2026-03-22T19:26:33.670+0000] {logging_mixin.py:190} INFO - [2026-03-22T19:26:33.670+0000] {dag.py:4180} INFO - Setting next_dagrun for crybaby_training_pipeline to None, run_after=None
[2026-03-22T19:26:33.699+0000] {processor.py:208} INFO - Processing /opt/airflow/dags/crybaby_training_pipeline.py took 0.083 seconds
[2026-03-22T19:27:03.851+0000] {processor.py:186} INFO - Started process (PID=164) to work on /opt/airflow/dags/crybaby_training_pipeline.py
[2026-03-22T19:27:03.852+0000] {processor.py:914} INFO - Processing file /opt/airflow/dags/crybaby_training_pipeline.py for tasks to queue
[2026-03-22T19:27:03.854+0000] {logging_mixin.py:190} INFO - [2026-03-22T19:27:03.854+0000] {dagbag.py:588} INFO - Filling up the DagBag from /opt/airflow/dags/crybaby_training_pipeline.py
[2026-03-22T19:27:03.868+0000] {processor.py:925} INFO - DAG(s) 'crybaby_training_pipeline' retrieved from /opt/airflow/dags/crybaby_training_pipeline.py
[2026-03-22T19:27:03.896+0000] {logging_mixin.py:190} INFO - [2026-03-22T19:27:03.896+0000] {dag.py:3239} INFO - Sync 1 DAGs
[2026-03-22T19:27:03.919+0000] {logging_mixin.py:190} INFO - [2026-03-22T19:27:03.919+0000] {dag.py:4180} INFO - Setting next_dagrun for crybaby_training_pipeline to None, run_after=None
[2026-03-22T19:27:03.955+0000] {processor.py:208} INFO - Processing /opt/airflow/dags/crybaby_training_pipeline.py took 0.109 seconds
[2026-03-22T19:27:34.184+0000] {processor.py:186} INFO - Started process (PID=165) to work on /opt/airflow/dags/crybaby_training_pipeline.py
[2026-03-22T19:27:34.185+0000] {processor.py:914} INFO - Processing file /opt/airflow/dags/crybaby_training_pipeline.py for tasks to queue
[2026-03-22T19:27:34.187+0000] {logging_mixin.py:190} INFO - [2026-03-22T19:27:34.186+0000] {dagbag.py:588} INFO - Filling up the DagBag from /opt/airflow/dags/crybaby_training_pipeline.py
[2026-03-22T19:27:34.200+0000] {processor.py:925} INFO - DAG(s) 'crybaby_training_pipeline' retrieved from /opt/airflow/dags/crybaby_training_pipeline.py
[2026-03-22T19:27:34.220+0000] {logging_mixin.py:190} INFO - [2026-03-22T19:27:34.220+0000] {dag.py:3239} INFO - Sync 1 DAGs
[2026-03-22T19:27:34.230+0000] {logging_mixin.py:190} INFO - [2026-03-22T19:27:34.230+0000] {dag.py:4180} INFO - Setting next_dagrun for crybaby_training_pipeline to None, run_after=None
[2026-03-22T19:27:34.260+0000] {processor.py:208} INFO - Processing /opt/airflow/dags/crybaby_training_pipeline.py took 0.081 seconds
[2026-03-22T19:28:04.366+0000] {processor.py:186} INFO - Started process (PID=166) to work on /opt/airflow/dags/crybaby_training_pipeline.py
[2026-03-22T19:28:04.369+0000] {processor.py:914} INFO - Processing file /opt/airflow/dags/crybaby_training_pipeline.py for tasks to queue
[2026-03-22T19:28:04.375+0000] {logging_mixin.py:190} INFO - [2026-03-22T19:28:04.375+0000] {dagbag.py:588} INFO - Filling up the DagBag from /opt/airflow/dags/crybaby_training_pipeline.py
[2026-03-22T19:28:04.405+0000] {processor.py:925} INFO - DAG(s) 'crybaby_training_pipeline' retrieved from /opt/airflow/dags/crybaby_training_pipeline.py
[2026-03-22T19:28:04.485+0000] {logging_mixin.py:190} INFO - [2026-03-22T19:28:04.485+0000] {dag.py:3239} INFO - Sync 1 DAGs
[2026-03-22T19:28:04.502+0000] {logging_mixin.py:190} INFO - [2026-03-22T19:28:04.502+0000] {dag.py:4180} INFO - Setting next_dagrun for crybaby_training_pipeline to None, run_after=None
[2026-03-22T19:28:04.539+0000] {processor.py:208} INFO - Processing /opt/airflow/dags/crybaby_training_pipeline.py took 0.190 seconds
[2026-03-22T19:28:34.790+0000] {processor.py:186} INFO - Started process (PID=167) to work on /opt/airflow/dags/crybaby_training_pipeline.py
[2026-03-22T19:28:34.791+0000] {processor.py:914} INFO - Processing file /opt/airflow/dags/crybaby_training_pipeline.py for tasks to queue
[2026-03-22T19:28:34.794+0000] {logging_mixin.py:190} INFO - [2026-03-22T19:28:34.794+0000] {dagbag.py:588} INFO - Filling up the DagBag from /opt/airflow/dags/crybaby_training_pipeline.py
[2026-03-22T19:28:34.811+0000] {processor.py:925} INFO - DAG(s) 'crybaby_training_pipeline' retrieved from /opt/airflow/dags/crybaby_training_pipeline.py
[2026-03-22T19:28:34.837+0000] {logging_mixin.py:190} INFO - [2026-03-22T19:28:34.837+0000] {dag.py:3239} INFO - Sync 1 DAGs
[2026-03-22T19:28:34.857+0000] {logging_mixin.py:190} INFO - [2026-03-22T19:28:34.856+0000] {dag.py:4180} INFO - Setting next_dagrun for crybaby_training_pipeline to None, run_after=None
[2026-03-22T19:28:34.901+0000] {processor.py:208} INFO - Processing /opt/airflow/dags/crybaby_training_pipeline.py took 0.116 seconds
[2026-03-22T19:29:05.158+0000] {processor.py:186} INFO - Started process (PID=168) to work on /opt/airflow/dags/crybaby_training_pipeline.py
[2026-03-22T19:29:05.159+0000] {processor.py:914} INFO - Processing file /opt/airflow/dags/crybaby_training_pipeline.py for tasks to queue
[2026-03-22T19:29:05.160+0000] {logging_mixin.py:190} INFO - [2026-03-22T19:29:05.160+0000] {dagbag.py:588} INFO - Filling up the DagBag from /opt/airflow/dags/crybaby_training_pipeline.py
[2026-03-22T19:29:05.174+0000] {processor.py:925} INFO - DAG(s) 'crybaby_training_pipeline' retrieved from /opt/airflow/dags/crybaby_training_pipeline.py
[2026-03-22T19:29:05.196+0000] {logging_mixin.py:190} INFO - [2026-03-22T19:29:05.196+0000] {dag.py:3239} INFO - Sync 1 DAGs
[2026-03-22T19:29:05.208+0000] {logging_mixin.py:190} INFO - [2026-03-22T19:29:05.208+0000] {dag.py:4180} INFO - Setting next_dagrun for crybaby_training_pipeline to None, run_after=None
[2026-03-22T19:29:05.237+0000] {processor.py:208} INFO - Processing /opt/airflow/dags/crybaby_training_pipeline.py took 0.084 seconds
[2026-03-22T19:29:35.394+0000] {processor.py:186} INFO - Started process (PID=169) to work on /opt/airflow/dags/crybaby_training_pipeline.py
[2026-03-22T19:29:35.395+0000] {processor.py:914} INFO - Processing file /opt/airflow/dags/crybaby_training_pipeline.py for tasks to queue
[2026-03-22T19:29:35.397+0000] {logging_mixin.py:190} INFO - [2026-03-22T19:29:35.397+0000] {dagbag.py:588} INFO - Filling up the DagBag from /opt/airflow/dags/crybaby_training_pipeline.py
[2026-03-22T19:29:35.409+0000] {processor.py:925} INFO - DAG(s) 'crybaby_training_pipeline' retrieved from /opt/airflow/dags/crybaby_training_pipeline.py
[2026-03-22T19:29:35.427+0000] {logging_mixin.py:190} INFO - [2026-03-22T19:29:35.426+0000] {dag.py:3239} INFO - Sync 1 DAGs
[2026-03-22T19:29:35.439+0000] {logging_mixin.py:190} INFO - [2026-03-22T19:29:35.439+0000] {dag.py:4180} INFO - Setting next_dagrun for crybaby_training_pipeline to None, run_after=None
[2026-03-22T19:29:35.471+0000] {processor.py:208} INFO - Processing /opt/airflow/dags/crybaby_training_pipeline.py took 0.080 seconds
[2026-03-22T19:30:05.646+0000] {processor.py:186} INFO - Started process (PID=170) to work on /opt/airflow/dags/crybaby_training_pipeline.py
[2026-03-22T19:30:05.647+0000] {processor.py:914} INFO - Processing file /opt/airflow/dags/crybaby_training_pipeline.py for tasks to queue
[2026-03-22T19:30:05.649+0000] {logging_mixin.py:190} INFO - [2026-03-22T19:30:05.649+0000] {dagbag.py:588} INFO - Filling up the DagBag from /opt/airflow/dags/crybaby_training_pipeline.py
[2026-03-22T19:30:05.666+0000] {processor.py:925} INFO - DAG(s) 'crybaby_training_pipeline' retrieved from /opt/airflow/dags/crybaby_training_pipeline.py
[2026-03-22T19:30:05.686+0000] {logging_mixin.py:190} INFO - [2026-03-22T19:30:05.686+0000] {dag.py:3239} INFO - Sync 1 DAGs
[2026-03-22T19:30:05.696+0000] {logging_mixin.py:190} INFO - [2026-03-22T19:30:05.696+0000] {dag.py:4180} INFO - Setting next_dagrun for crybaby_training_pipeline to None, run_after=None
[2026-03-22T19:30:05.725+0000] {processor.py:208} INFO - Processing /opt/airflow/dags/crybaby_training_pipeline.py took 0.084 seconds
[2026-03-22T19:30:35.887+0000] {processor.py:186} INFO - Started process (PID=171) to work on /opt/airflow/dags/crybaby_training_pipeline.py
[2026-03-22T19:30:35.888+0000] {processor.py:914} INFO - Processing file /opt/airflow/dags/crybaby_training_pipeline.py for tasks to queue
[2026-03-22T19:30:35.890+0000] {logging_mixin.py:190} INFO - [2026-03-22T19:30:35.890+0000] {dagbag.py:588} INFO - Filling up the DagBag from /opt/airflow/dags/crybaby_training_pipeline.py
[2026-03-22T19:30:35.903+0000] {processor.py:925} INFO - DAG(s) 'crybaby_training_pipeline' retrieved from /opt/airflow/dags/crybaby_training_pipeline.py
[2026-03-22T19:30:35.922+0000] {logging_mixin.py:190} INFO - [2026-03-22T19:30:35.922+0000] {dag.py:3239} INFO - Sync 1 DAGs
[2026-03-22T19:30:35.931+0000] {logging_mixin.py:190} INFO - [2026-03-22T19:30:35.931+0000] {dag.py:4180} INFO - Setting next_dagrun for crybaby_training_pipeline to None, run_after=None
[2026-03-22T19:30:35.967+0000] {processor.py:208} INFO - Processing /opt/airflow/dags/crybaby_training_pipeline.py took 0.084 seconds
[2026-03-22T19:31:06.285+0000] {processor.py:186} INFO - Started process (PID=172) to work on /opt/airflow/dags/crybaby_training_pipeline.py
[2026-03-22T19:31:06.287+0000] {processor.py:914} INFO - Processing file /opt/airflow/dags/crybaby_training_pipeline.py for tasks to queue
[2026-03-22T19:31:06.293+0000] {logging_mixin.py:190} INFO - [2026-03-22T19:31:06.293+0000] {dagbag.py:588} INFO - Filling up the DagBag from /opt/airflow/dags/crybaby_training_pipeline.py
[2026-03-22T19:31:06.308+0000] {processor.py:925} INFO - DAG(s) 'crybaby_training_pipeline' retrieved from /opt/airflow/dags/crybaby_training_pipeline.py
[2026-03-22T19:31:06.330+0000] {logging_mixin.py:190} INFO - [2026-03-22T19:31:06.330+0000] {dag.py:3239} INFO - Sync 1 DAGs
[2026-03-22T19:31:06.343+0000] {logging_mixin.py:190} INFO - [2026-03-22T19:31:06.342+0000] {dag.py:4180} INFO - Setting next_dagrun for crybaby_training_pipeline to None, run_after=None
[2026-03-22T19:31:06.375+0000] {processor.py:208} INFO - Processing /opt/airflow/dags/crybaby_training_pipeline.py took 0.095 seconds
[2026-03-22T19:31:36.600+0000] {processor.py:186} INFO - Started process (PID=173) to work on /opt/airflow/dags/crybaby_training_pipeline.py
[2026-03-22T19:31:36.601+0000] {processor.py:914} INFO - Processing file /opt/airflow/dags/crybaby_training_pipeline.py for tasks to queue
[2026-03-22T19:31:36.604+0000] {logging_mixin.py:190} INFO - [2026-03-22T19:31:36.603+0000] {dagbag.py:588} INFO - Filling up the DagBag from /opt/airflow/dags/crybaby_training_pipeline.py
[2026-03-22T19:31:36.625+0000] {processor.py:925} INFO - DAG(s) 'crybaby_training_pipeline' retrieved from /opt/airflow/dags/crybaby_training_pipeline.py
[2026-03-22T19:31:36.647+0000] {logging_mixin.py:190} INFO - [2026-03-22T19:31:36.647+0000] {dag.py:3239} INFO - Sync 1 DAGs
[2026-03-22T19:31:36.656+0000] {logging_mixin.py:190} INFO - [2026-03-22T19:31:36.656+0000] {dag.py:4180} INFO - Setting next_dagrun for crybaby_training_pipeline to None, run_after=None
[2026-03-22T19:31:36.684+0000] {processor.py:208} INFO - Processing /opt/airflow/dags/crybaby_training_pipeline.py took 0.089 seconds
[2026-03-22T19:32:06.856+0000] {processor.py:186} INFO - Started process (PID=174) to work on /opt/airflow/dags/crybaby_training_pipeline.py
[2026-03-22T19:32:06.857+0000] {processor.py:914} INFO - Processing file /opt/airflow/dags/crybaby_training_pipeline.py for tasks to queue
[2026-03-22T19:32:06.859+0000] {logging_mixin.py:190} INFO - [2026-03-22T19:32:06.859+0000] {dagbag.py:588} INFO - Filling up the DagBag from /opt/airflow/dags/crybaby_training_pipeline.py
[2026-03-22T19:32:06.872+0000] {processor.py:925} INFO - DAG(s) 'crybaby_training_pipeline' retrieved from /opt/airflow/dags/crybaby_training_pipeline.py
[2026-03-22T19:32:06.891+0000] {logging_mixin.py:190} INFO - [2026-03-22T19:32:06.890+0000] {dag.py:3239} INFO - Sync 1 DAGs
[2026-03-22T19:32:06.901+0000] {logging_mixin.py:190} INFO - [2026-03-22T19:32:06.901+0000] {dag.py:4180} INFO - Setting next_dagrun for crybaby_training_pipeline to None, run_after=None
[2026-03-22T19:32:06.967+0000] {processor.py:208} INFO - Processing /opt/airflow/dags/crybaby_training_pipeline.py took 0.115 seconds
[2026-03-22T19:32:37.174+0000] {processor.py:186} INFO - Started process (PID=175) to work on /opt/airflow/dags/crybaby_training_pipeline.py
[2026-03-22T19:32:37.175+0000] {processor.py:914} INFO - Processing file /opt/airflow/dags/crybaby_training_pipeline.py for tasks to queue
[2026-03-22T19:32:37.178+0000] {logging_mixin.py:190} INFO - [2026-03-22T19:32:37.177+0000] {dagbag.py:588} INFO - Filling up the DagBag from /opt/airflow/dags/crybaby_training_pipeline.py
[2026-03-22T19:32:37.190+0000] {processor.py:925} INFO - DAG(s) 'crybaby_training_pipeline' retrieved from /opt/airflow/dags/crybaby_training_pipeline.py
[2026-03-22T19:32:37.209+0000] {logging_mixin.py:190} INFO - [2026-03-22T19:32:37.209+0000] {dag.py:3239} INFO - Sync 1 DAGs
[2026-03-22T19:32:37.220+0000] {logging_mixin.py:190} INFO - [2026-03-22T19:32:37.219+0000] {dag.py:4180} INFO - Setting next_dagrun for crybaby_training_pipeline to None, run_after=None
[2026-03-22T19:32:37.248+0000] {processor.py:208} INFO - Processing /opt/airflow/dags/crybaby_training_pipeline.py took 0.078 seconds
[2026-03-22T19:33:07.401+0000] {processor.py:186} INFO - Started process (PID=176) to work on /opt/airflow/dags/crybaby_training_pipeline.py
[2026-03-22T19:33:07.403+0000] {processor.py:914} INFO - Processing file /opt/airflow/dags/crybaby_training_pipeline.py for tasks to queue
[2026-03-22T19:33:07.405+0000] {logging_mixin.py:190} INFO - [2026-03-22T19:33:07.405+0000] {dagbag.py:588} INFO - Filling up the DagBag from /opt/airflow/dags/crybaby_training_pipeline.py
[2026-03-22T19:33:07.421+0000] {processor.py:925} INFO - DAG(s) 'crybaby_training_pipeline' retrieved from /opt/airflow/dags/crybaby_training_pipeline.py
[2026-03-22T19:33:07.444+0000] {logging_mixin.py:190} INFO - [2026-03-22T19:33:07.444+0000] {dag.py:3239} INFO - Sync 1 DAGs
[2026-03-22T19:33:07.456+0000] {logging_mixin.py:190} INFO - [2026-03-22T19:33:07.456+0000] {dag.py:4180} INFO - Setting next_dagrun for crybaby_training_pipeline to None, run_after=None
[2026-03-22T19:33:07.485+0000] {processor.py:208} INFO - Processing /opt/airflow/dags/crybaby_training_pipeline.py took 0.090 seconds
[2026-03-22T19:33:37.673+0000] {processor.py:186} INFO - Started process (PID=177) to work on /opt/airflow/dags/crybaby_training_pipeline.py
[2026-03-22T19:33:37.674+0000] {processor.py:914} INFO - Processing file /opt/airflow/dags/crybaby_training_pipeline.py for tasks to queue
[2026-03-22T19:33:37.676+0000] {logging_mixin.py:190} INFO - [2026-03-22T19:33:37.675+0000] {dagbag.py:588} INFO - Filling up the DagBag from /opt/airflow/dags/crybaby_training_pipeline.py
[2026-03-22T19:33:37.690+0000] {processor.py:925} INFO - DAG(s) 'crybaby_training_pipeline' retrieved from /opt/airflow/dags/crybaby_training_pipeline.py
[2026-03-22T19:33:37.709+0000] {logging_mixin.py:190} INFO - [2026-03-22T19:33:37.709+0000] {dag.py:3239} INFO - Sync 1 DAGs
[2026-03-22T19:33:37.718+0000] {logging_mixin.py:190} INFO - [2026-03-22T19:33:37.718+0000] {dag.py:4180} INFO - Setting next_dagrun for crybaby_training_pipeline to None, run_after=None
[2026-03-22T19:33:37.744+0000] {processor.py:208} INFO - Processing /opt/airflow/dags/crybaby_training_pipeline.py took 0.075 seconds
[2026-03-22T19:34:07.864+0000] {processor.py:186} INFO - Started process (PID=178) to work on /opt/airflow/dags/crybaby_training_pipeline.py
[2026-03-22T19:34:07.865+0000] {processor.py:914} INFO - Processing file /opt/airflow/dags/crybaby_training_pipeline.py for tasks to queue
[2026-03-22T19:34:07.867+0000] {logging_mixin.py:190} INFO - [2026-03-22T19:34:07.867+0000] {dagbag.py:588} INFO - Filling up the DagBag from /opt/airflow/dags/crybaby_training_pipeline.py
[2026-03-22T19:34:07.880+0000] {processor.py:925} INFO - DAG(s) 'crybaby_training_pipeline' retrieved from /opt/airflow/dags/crybaby_training_pipeline.py
[2026-03-22T19:34:07.901+0000] {logging_mixin.py:190} INFO - [2026-03-22T19:34:07.901+0000] {dag.py:3239} INFO - Sync 1 DAGs
[2026-03-22T19:34:07.911+0000] {logging_mixin.py:190} INFO - [2026-03-22T19:34:07.911+0000] {dag.py:4180} INFO - Setting next_dagrun for crybaby_training_pipeline to None, run_after=None
[2026-03-22T19:34:07.938+0000] {processor.py:208} INFO - Processing /opt/airflow/dags/crybaby_training_pipeline.py took 0.078 seconds
[2026-03-22T19:34:38.125+0000] {processor.py:186} INFO - Started process (PID=179) to work on /opt/airflow/dags/crybaby_training_pipeline.py
[2026-03-22T19:34:38.126+0000] {processor.py:914} INFO - Processing file /opt/airflow/dags/crybaby_training_pipeline.py for tasks to queue
[2026-03-22T19:34:38.128+0000] {logging_mixin.py:190} INFO - [2026-03-22T19:34:38.128+0000] {dagbag.py:588} INFO - Filling up the DagBag from /opt/airflow/dags/crybaby_training_pipeline.py
[2026-03-22T19:34:38.140+0000] {processor.py:925} INFO - DAG(s) 'crybaby_training_pipeline' retrieved from /opt/airflow/dags/crybaby_training_pipeline.py
[2026-03-22T19:34:38.158+0000] {logging_mixin.py:190} INFO - [2026-03-22T19:34:38.158+0000] {dag.py:3239} INFO - Sync 1 DAGs
[2026-03-22T19:34:38.167+0000] {logging_mixin.py:190} INFO - [2026-03-22T19:34:38.166+0000] {dag.py:4180} INFO - Setting next_dagrun for crybaby_training_pipeline to None, run_after=None
[2026-03-22T19:34:38.193+0000] {processor.py:208} INFO - Processing /opt/airflow/dags/crybaby_training_pipeline.py took 0.072 seconds
[2026-03-22T19:35:08.404+0000] {processor.py:186} INFO - Started process (PID=180) to work on /opt/airflow/dags/crybaby_training_pipeline.py
[2026-03-22T19:35:08.405+0000] {processor.py:914} INFO - Processing file /opt/airflow/dags/crybaby_training_pipeline.py for tasks to queue
[2026-03-22T19:35:08.407+0000] {logging_mixin.py:190} INFO - [2026-03-22T19:35:08.407+0000] {dagbag.py:588} INFO - Filling up the DagBag from /opt/airflow/dags/crybaby_training_pipeline.py
[2026-03-22T19:35:08.420+0000] {processor.py:925} INFO - DAG(s) 'crybaby_training_pipeline' retrieved from /opt/airflow/dags/crybaby_training_pipeline.py
[2026-03-22T19:35:08.439+0000] {logging_mixin.py:190} INFO - [2026-03-22T19:35:08.439+0000] {dag.py:3239} INFO - Sync 1 DAGs
[2026-03-22T19:35:08.448+0000] {logging_mixin.py:190} INFO - [2026-03-22T19:35:08.448+0000] {dag.py:4180} INFO - Setting next_dagrun for crybaby_training_pipeline to None, run_after=None
[2026-03-22T19:35:08.474+0000] {processor.py:208} INFO - Processing /opt/airflow/dags/crybaby_training_pipeline.py took 0.074 seconds
[2026-03-22T19:35:38.628+0000] {processor.py:186} INFO - Started process (PID=181) to work on /opt/airflow/dags/crybaby_training_pipeline.py
[2026-03-22T19:35:38.629+0000] {processor.py:914} INFO - Processing file /opt/airflow/dags/crybaby_training_pipeline.py for tasks to queue
[2026-03-22T19:35:38.631+0000] {logging_mixin.py:190} INFO - [2026-03-22T19:35:38.631+0000] {dagbag.py:588} INFO - Filling up the DagBag from /opt/airflow/dags/crybaby_training_pipeline.py
[2026-03-22T19:35:38.645+0000] {processor.py:925} INFO - DAG(s) 'crybaby_training_pipeline' retrieved from /opt/airflow/dags/crybaby_training_pipeline.py
[2026-03-22T19:35:38.664+0000] {logging_mixin.py:190} INFO - [2026-03-22T19:35:38.664+0000] {dag.py:3239} INFO - Sync 1 DAGs
[2026-03-22T19:35:38.674+0000] {logging_mixin.py:190} INFO - [2026-03-22T19:35:38.674+0000] {dag.py:4180} INFO - Setting next_dagrun for crybaby_training_pipeline to None, run_after=None
[2026-03-22T19:35:38.706+0000] {processor.py:208} INFO - Processing /opt/airflow/dags/crybaby_training_pipeline.py took 0.082 seconds
[2026-03-22T19:36:08.905+0000] {processor.py:186} INFO - Started process (PID=182) to work on /opt/airflow/dags/crybaby_training_pipeline.py
[2026-03-22T19:36:08.906+0000] {processor.py:914} INFO - Processing file /opt/airflow/dags/crybaby_training_pipeline.py for tasks to queue
[2026-03-22T19:36:08.909+0000] {logging_mixin.py:190} INFO - [2026-03-22T19:36:08.908+0000] {dagbag.py:588} INFO - Filling up the DagBag from /opt/airflow/dags/crybaby_training_pipeline.py
[2026-03-22T19:36:08.923+0000] {processor.py:925} INFO - DAG(s) 'crybaby_training_pipeline' retrieved from /opt/airflow/dags/crybaby_training_pipeline.py
[2026-03-22T19:36:08.944+0000] {logging_mixin.py:190} INFO - [2026-03-22T19:36:08.943+0000] {dag.py:3239} INFO - Sync 1 DAGs
[2026-03-22T19:36:08.953+0000] {logging_mixin.py:190} INFO - [2026-03-22T19:36:08.953+0000] {dag.py:4180} INFO - Setting next_dagrun for crybaby_training_pipeline to None, run_after=None
[2026-03-22T19:36:08.979+0000] {processor.py:208} INFO - Processing /opt/airflow/dags/crybaby_training_pipeline.py took 0.079 seconds
[2026-03-22T19:36:39.162+0000] {processor.py:186} INFO - Started process (PID=183) to work on /opt/airflow/dags/crybaby_training_pipeline.py
[2026-03-22T19:36:39.163+0000] {processor.py:914} INFO - Processing file /opt/airflow/dags/crybaby_training_pipeline.py for tasks to queue
[2026-03-22T19:36:39.165+0000] {logging_mixin.py:190} INFO - [2026-03-22T19:36:39.165+0000] {dagbag.py:588} INFO - Filling up the DagBag from /opt/airflow/dags/crybaby_training_pipeline.py
[2026-03-22T19:36:39.184+0000] {processor.py:925} INFO - DAG(s) 'crybaby_training_pipeline' retrieved from /opt/airflow/dags/crybaby_training_pipeline.py
[2026-03-22T19:36:39.208+0000] {logging_mixin.py:190} INFO - [2026-03-22T19:36:39.208+0000] {dag.py:3239} INFO - Sync 1 DAGs
[2026-03-22T19:36:39.221+0000] {logging_mixin.py:190} INFO - [2026-03-22T19:36:39.221+0000] {dag.py:4180} INFO - Setting next_dagrun for crybaby_training_pipeline to None, run_after=None
[2026-03-22T19:36:39.262+0000] {processor.py:208} INFO - Processing /opt/airflow/dags/crybaby_training_pipeline.py took 0.104 seconds
