[2026-03-22T19:16:57.801+0000] {manager.py:483} INFO - Processing files using up to 1 processes at a time 
[2026-03-22T19:16:57.802+0000] {manager.py:484} INFO - Process each file at most once every 30 seconds
[2026-03-22T19:16:57.802+0000] {manager.py:485} INFO - Checking for new files in /opt/airflow/dags every 300 seconds
[2026-03-22T19:16:57.803+0000] {manager.py:821} INFO - Searching for files in /opt/airflow/dags
[2026-03-22T19:16:57.814+0000] {manager.py:824} INFO - There are 1 files in /opt/airflow/dags
[2026-03-22T19:16:58.016+0000] {manager.py:997} INFO - 
================================================================================
DAG File Processing Stats

File Path                                       PID    Runtime      # DAGs    # Errors  Last Runtime    Last Run               Last # of DB Queries
----------------------------------------------  -----  ---------  --------  ----------  --------------  -------------------  ----------------------
/opt/airflow/dags/crybaby_training_pipeline.py                           0           1  0.10s           2026-03-22T19:16:58                       3
================================================================================
[2026-03-22T19:17:28.229+0000] {manager.py:997} INFO - 
================================================================================
DAG File Processing Stats

File Path                                       PID    Runtime      # DAGs    # Errors  Last Runtime    Last Run               Last # of DB Queries
----------------------------------------------  -----  ---------  --------  ----------  --------------  -------------------  ----------------------
/opt/airflow/dags/crybaby_training_pipeline.py                           0           1  0.10s           2026-03-22T19:17:28                       5
================================================================================
[2026-03-22T19:17:51.400+0000] {manager.py:465} INFO - Exiting gracefully upon receiving signal 15
[2026-03-22T19:17:58.165+0000] {manager.py:483} INFO - Processing files using up to 1 processes at a time 
[2026-03-22T19:17:58.167+0000] {manager.py:484} INFO - Process each file at most once every 30 seconds
[2026-03-22T19:17:58.167+0000] {manager.py:485} INFO - Checking for new files in /opt/airflow/dags every 300 seconds
[2026-03-22T19:17:58.168+0000] {manager.py:821} INFO - Searching for files in /opt/airflow/dags
[2026-03-22T19:17:58.188+0000] {manager.py:824} INFO - There are 1 files in /opt/airflow/dags
[2026-03-22T19:17:58.450+0000] {manager.py:997} INFO - 
================================================================================
DAG File Processing Stats

File Path                                       PID    Runtime      # DAGs    # Errors  Last Runtime    Last Run               Last # of DB Queries
----------------------------------------------  -----  ---------  --------  ----------  --------------  -------------------  ----------------------
/opt/airflow/dags/crybaby_training_pipeline.py                           1           0  0.20s           2026-03-22T19:17:58                       9
================================================================================
[2026-03-22T19:18:28.750+0000] {manager.py:997} INFO - 
================================================================================
DAG File Processing Stats

File Path                                       PID    Runtime      # DAGs    # Errors  Last Runtime    Last Run               Last # of DB Queries
----------------------------------------------  -----  ---------  --------  ----------  --------------  -------------------  ----------------------
/opt/airflow/dags/crybaby_training_pipeline.py                           1           0  0.20s           2026-03-22T19:18:28                      10
================================================================================
[2026-03-22T19:18:58.952+0000] {manager.py:997} INFO - 
================================================================================
DAG File Processing Stats

File Path                                       PID    Runtime      # DAGs    # Errors  Last Runtime    Last Run               Last # of DB Queries
----------------------------------------------  -----  ---------  --------  ----------  --------------  -------------------  ----------------------
/opt/airflow/dags/crybaby_training_pipeline.py                           1           0  0.10s           2026-03-22T19:18:58                      10
================================================================================
[2026-03-22T19:19:29.521+0000] {manager.py:997} INFO - 
================================================================================
DAG File Processing Stats

File Path                                       PID    Runtime      # DAGs    # Errors  Last Runtime    Last Run               Last # of DB Queries
----------------------------------------------  -----  ---------  --------  ----------  --------------  -------------------  ----------------------
/opt/airflow/dags/crybaby_training_pipeline.py                           1           0  0.10s           2026-03-22T19:19:29                      10
================================================================================
[2026-03-22T19:19:59.830+0000] {manager.py:997} INFO - 
================================================================================
DAG File Processing Stats

File Path                                       PID    Runtime      # DAGs    # Errors  Last Runtime    Last Run               Last # of DB Queries
----------------------------------------------  -----  ---------  --------  ----------  --------------  -------------------  ----------------------
/opt/airflow/dags/crybaby_training_pipeline.py                           1           0  0.10s           2026-03-22T19:19:59                      10
================================================================================
[2026-03-22T19:20:30.227+0000] {manager.py:997} INFO - 
================================================================================
DAG File Processing Stats

File Path                                       PID    Runtime      # DAGs    # Errors  Last Runtime    Last Run               Last # of DB Queries
----------------------------------------------  -----  ---------  --------  ----------  --------------  -------------------  ----------------------
/opt/airflow/dags/crybaby_training_pipeline.py                           1           0  0.20s           2026-03-22T19:20:30                      10
================================================================================
[2026-03-22T19:21:00.593+0000] {manager.py:997} INFO - 
================================================================================
DAG File Processing Stats

File Path                                       PID    Runtime      # DAGs    # Errors  Last Runtime    Last Run               Last # of DB Queries
----------------------------------------------  -----  ---------  --------  ----------  --------------  -------------------  ----------------------
/opt/airflow/dags/crybaby_training_pipeline.py                           1           0  0.20s           2026-03-22T19:21:00                      10
================================================================================
[2026-03-22T19:21:30.916+0000] {manager.py:997} INFO - 
================================================================================
DAG File Processing Stats

File Path                                       PID    Runtime      # DAGs    # Errors  Last Runtime    Last Run               Last # of DB Queries
----------------------------------------------  -----  ---------  --------  ----------  --------------  -------------------  ----------------------
/opt/airflow/dags/crybaby_training_pipeline.py                           1           0  0.10s           2026-03-22T19:21:30                      10
================================================================================
[2026-03-22T19:22:01.152+0000] {manager.py:997} INFO - 
================================================================================
DAG File Processing Stats

File Path                                       PID    Runtime      # DAGs    # Errors  Last Runtime    Last Run               Last # of DB Queries
----------------------------------------------  -----  ---------  --------  ----------  --------------  -------------------  ----------------------
/opt/airflow/dags/crybaby_training_pipeline.py                           1           0  0.11s           2026-03-22T19:22:01                      10
================================================================================
[2026-03-22T19:22:31.498+0000] {manager.py:997} INFO - 
================================================================================
DAG File Processing Stats

File Path                                       PID    Runtime      # DAGs    # Errors  Last Runtime    Last Run               Last # of DB Queries
----------------------------------------------  -----  ---------  --------  ----------  --------------  -------------------  ----------------------
/opt/airflow/dags/crybaby_training_pipeline.py                           1           0  0.20s           2026-03-22T19:22:31                      10
================================================================================
[2026-03-22T19:22:58.258+0000] {manager.py:821} INFO - Searching for files in /opt/airflow/dags
[2026-03-22T19:22:58.280+0000] {manager.py:824} INFO - There are 1 files in /opt/airflow/dags
[2026-03-22T19:23:01.729+0000] {manager.py:997} INFO - 
================================================================================
DAG File Processing Stats

File Path                                       PID    Runtime      # DAGs    # Errors  Last Runtime    Last Run               Last # of DB Queries
----------------------------------------------  -----  ---------  --------  ----------  --------------  -------------------  ----------------------
/opt/airflow/dags/crybaby_training_pipeline.py                           1           0  0.20s           2026-03-22T19:23:01                      10
================================================================================
[2026-03-22T19:23:31.970+0000] {manager.py:997} INFO - 
================================================================================
DAG File Processing Stats

File Path                                       PID    Runtime      # DAGs    # Errors  Last Runtime    Last Run               Last # of DB Queries
----------------------------------------------  -----  ---------  --------  ----------  --------------  -------------------  ----------------------
/opt/airflow/dags/crybaby_training_pipeline.py                           1           0  0.10s           2026-03-22T19:23:31                      10
================================================================================
[2026-03-22T19:24:02.304+0000] {manager.py:997} INFO - 
================================================================================
DAG File Processing Stats

File Path                                       PID    Runtime      # DAGs    # Errors  Last Runtime    Last Run               Last # of DB Queries
----------------------------------------------  -----  ---------  --------  ----------  --------------  -------------------  ----------------------
/opt/airflow/dags/crybaby_training_pipeline.py                           1           0  0.20s           2026-03-22T19:24:02                      10
================================================================================
[2026-03-22T19:24:32.549+0000] {manager.py:997} INFO - 
================================================================================
DAG File Processing Stats

File Path                                       PID    Runtime      # DAGs    # Errors  Last Runtime    Last Run               Last # of DB Queries
----------------------------------------------  -----  ---------  --------  ----------  --------------  -------------------  ----------------------
/opt/airflow/dags/crybaby_training_pipeline.py                           1           0  0.10s           2026-03-22T19:24:32                      10
================================================================================
[2026-03-22T19:25:02.779+0000] {manager.py:997} INFO - 
================================================================================
DAG File Processing Stats

File Path                                       PID    Runtime      # DAGs    # Errors  Last Runtime    Last Run               Last # of DB Queries
----------------------------------------------  -----  ---------  --------  ----------  --------------  -------------------  ----------------------
/opt/airflow/dags/crybaby_training_pipeline.py                           1           0  0.10s           2026-03-22T19:25:02                      10
================================================================================
[2026-03-22T19:25:33.048+0000] {manager.py:997} INFO - 
================================================================================
DAG File Processing Stats

File Path                                       PID    Runtime      # DAGs    # Errors  Last Runtime    Last Run               Last # of DB Queries
----------------------------------------------  -----  ---------  --------  ----------  --------------  -------------------  ----------------------
/opt/airflow/dags/crybaby_training_pipeline.py                           1           0  0.11s           2026-03-22T19:25:33                      10
================================================================================
[2026-03-22T19:26:03.415+0000] {manager.py:997} INFO - 
================================================================================
DAG File Processing Stats

File Path                                       PID    Runtime      # DAGs    # Errors  Last Runtime    Last Run               Last # of DB Queries
----------------------------------------------  -----  ---------  --------  ----------  --------------  -------------------  ----------------------
/opt/airflow/dags/crybaby_training_pipeline.py                           1           0  0.20s           2026-03-22T19:26:03                      10
================================================================================
[2026-03-22T19:26:33.710+0000] {manager.py:997} INFO - 
================================================================================
DAG File Processing Stats

File Path                                       PID    Runtime      # DAGs    # Errors  Last Runtime    Last Run               Last # of DB Queries
----------------------------------------------  -----  ---------  --------  ----------  --------------  -------------------  ----------------------
/opt/airflow/dags/crybaby_training_pipeline.py                           1           0  0.10s           2026-03-22T19:26:33                      10
================================================================================
[2026-03-22T19:27:04.040+0000] {manager.py:997} INFO - 
================================================================================
DAG File Processing Stats

File Path                                       PID    Runtime      # DAGs    # Errors  Last Runtime    Last Run               Last # of DB Queries
----------------------------------------------  -----  ---------  --------  ----------  --------------  -------------------  ----------------------
/opt/airflow/dags/crybaby_training_pipeline.py                           1           0  0.21s           2026-03-22T19:27:04                      10
================================================================================
[2026-03-22T19:27:34.272+0000] {manager.py:997} INFO - 
================================================================================
DAG File Processing Stats

File Path                                       PID    Runtime      # DAGs    # Errors  Last Runtime    Last Run               Last # of DB Queries
----------------------------------------------  -----  ---------  --------  ----------  --------------  -------------------  ----------------------
/opt/airflow/dags/crybaby_training_pipeline.py                           1           0  0.11s           2026-03-22T19:27:34                      10
================================================================================
[2026-03-22T19:27:58.379+0000] {manager.py:821} INFO - Searching for files in /opt/airflow/dags
[2026-03-22T19:27:58.399+0000] {manager.py:824} INFO - There are 1 files in /opt/airflow/dags
[2026-03-22T19:28:04.641+0000] {manager.py:997} INFO - 
================================================================================
DAG File Processing Stats

File Path                                       PID    Runtime      # DAGs    # Errors  Last Runtime    Last Run               Last # of DB Queries
----------------------------------------------  -----  ---------  --------  ----------  --------------  -------------------  ----------------------
/opt/airflow/dags/crybaby_training_pipeline.py                           1           0  0.31s           2026-03-22T19:28:04                      10
================================================================================
[2026-03-22T19:28:34.977+0000] {manager.py:997} INFO - 
================================================================================
DAG File Processing Stats

File Path                                       PID    Runtime      # DAGs    # Errors  Last Runtime    Last Run               Last # of DB Queries
----------------------------------------------  -----  ---------  --------  ----------  --------------  -------------------  ----------------------
/opt/airflow/dags/crybaby_training_pipeline.py                           1           0  0.21s           2026-03-22T19:28:34                      10
================================================================================
[2026-03-22T19:29:05.247+0000] {manager.py:997} INFO - 
================================================================================
DAG File Processing Stats

File Path                                       PID    Runtime      # DAGs    # Errors  Last Runtime    Last Run               Last # of DB Queries
----------------------------------------------  -----  ---------  --------  ----------  --------------  -------------------  ----------------------
/opt/airflow/dags/crybaby_training_pipeline.py                           1           0  0.11s           2026-03-22T19:29:05                      10
================================================================================
[2026-03-22T19:29:35.484+0000] {manager.py:997} INFO - 
================================================================================
DAG File Processing Stats

File Path                                       PID    Runtime      # DAGs    # Errors  Last Runtime    Last Run               Last # of DB Queries
----------------------------------------------  -----  ---------  --------  ----------  --------------  -------------------  ----------------------
/opt/airflow/dags/crybaby_training_pipeline.py                           1           0  0.11s           2026-03-22T19:29:35                      10
================================================================================
[2026-03-22T19:30:05.731+0000] {manager.py:997} INFO - 
================================================================================
DAG File Processing Stats

File Path                                       PID    Runtime      # DAGs    # Errors  Last Runtime    Last Run               Last # of DB Queries
----------------------------------------------  -----  ---------  --------  ----------  --------------  -------------------  ----------------------
/opt/airflow/dags/crybaby_training_pipeline.py                           1           0  0.10s           2026-03-22T19:30:05                      10
================================================================================
[2026-03-22T19:30:35.977+0000] {manager.py:997} INFO - 
================================================================================
DAG File Processing Stats

File Path                                       PID    Runtime      # DAGs    # Errors  Last Runtime    Last Run               Last # of DB Queries
----------------------------------------------  -----  ---------  --------  ----------  --------------  -------------------  ----------------------
/opt/airflow/dags/crybaby_training_pipeline.py                           1           0  0.11s           2026-03-22T19:30:35                      10
================================================================================
[2026-03-22T19:31:06.434+0000] {manager.py:997} INFO - 
================================================================================
DAG File Processing Stats

File Path                                       PID    Runtime      # DAGs    # Errors  Last Runtime    Last Run               Last # of DB Queries
----------------------------------------------  -----  ---------  --------  ----------  --------------  -------------------  ----------------------
/opt/airflow/dags/crybaby_training_pipeline.py                           1           0  0.21s           2026-03-22T19:31:06                      10
================================================================================
[2026-03-22T19:31:36.784+0000] {manager.py:997} INFO - 
================================================================================
DAG File Processing Stats

File Path                                       PID    Runtime      # DAGs    # Errors  Last Runtime    Last Run               Last # of DB Queries
----------------------------------------------  -----  ---------  --------  ----------  --------------  -------------------  ----------------------
/opt/airflow/dags/crybaby_training_pipeline.py                           1           0  0.21s           2026-03-22T19:31:36                      10
================================================================================
[2026-03-22T19:32:07.045+0000] {manager.py:997} INFO - 
================================================================================
DAG File Processing Stats

File Path                                       PID    Runtime      # DAGs    # Errors  Last Runtime    Last Run               Last # of DB Queries
----------------------------------------------  -----  ---------  --------  ----------  --------------  -------------------  ----------------------
/opt/airflow/dags/crybaby_training_pipeline.py                           1           0  0.20s           2026-03-22T19:32:07                      10
================================================================================
[2026-03-22T19:32:37.263+0000] {manager.py:997} INFO - 
================================================================================
DAG File Processing Stats

File Path                                       PID    Runtime      # DAGs    # Errors  Last Runtime    Last Run               Last # of DB Queries
----------------------------------------------  -----  ---------  --------  ----------  --------------  -------------------  ----------------------
/opt/airflow/dags/crybaby_training_pipeline.py                           1           0  0.10s           2026-03-22T19:32:37                      10
================================================================================
[2026-03-22T19:32:58.487+0000] {manager.py:821} INFO - Searching for files in /opt/airflow/dags
[2026-03-22T19:32:58.502+0000] {manager.py:824} INFO - There are 1 files in /opt/airflow/dags
[2026-03-22T19:33:07.491+0000] {manager.py:997} INFO - 
================================================================================
DAG File Processing Stats

File Path                                       PID    Runtime      # DAGs    # Errors  Last Runtime    Last Run               Last # of DB Queries
----------------------------------------------  -----  ---------  --------  ----------  --------------  -------------------  ----------------------
/opt/airflow/dags/crybaby_training_pipeline.py                           1           0  0.11s           2026-03-22T19:33:07                      10
================================================================================
[2026-03-22T19:33:37.758+0000] {manager.py:997} INFO - 
================================================================================
DAG File Processing Stats

File Path                                       PID    Runtime      # DAGs    # Errors  Last Runtime    Last Run               Last # of DB Queries
----------------------------------------------  -----  ---------  --------  ----------  --------------  -------------------  ----------------------
/opt/airflow/dags/crybaby_training_pipeline.py                           1           0  0.10s           2026-03-22T19:33:37                      10
================================================================================
[2026-03-22T19:34:07.954+0000] {manager.py:997} INFO - 
================================================================================
DAG File Processing Stats

File Path                                       PID    Runtime      # DAGs    # Errors  Last Runtime    Last Run               Last # of DB Queries
----------------------------------------------  -----  ---------  --------  ----------  --------------  -------------------  ----------------------
/opt/airflow/dags/crybaby_training_pipeline.py                           1           0  0.11s           2026-03-22T19:34:07                      10
================================================================================
[2026-03-22T19:34:38.216+0000] {manager.py:997} INFO - 
================================================================================
DAG File Processing Stats

File Path                                       PID    Runtime      # DAGs    # Errors  Last Runtime    Last Run               Last # of DB Queries
----------------------------------------------  -----  ---------  --------  ----------  --------------  -------------------  ----------------------
/opt/airflow/dags/crybaby_training_pipeline.py                           1           0  0.10s           2026-03-22T19:34:38                      10
================================================================================
[2026-03-22T19:35:08.493+0000] {manager.py:997} INFO - 
================================================================================
DAG File Processing Stats

File Path                                       PID    Runtime      # DAGs    # Errors  Last Runtime    Last Run               Last # of DB Queries
----------------------------------------------  -----  ---------  --------  ----------  --------------  -------------------  ----------------------
/opt/airflow/dags/crybaby_training_pipeline.py                           1           0  0.11s           2026-03-22T19:35:08                      10
================================================================================
[2026-03-22T19:35:38.717+0000] {manager.py:997} INFO - 
================================================================================
DAG File Processing Stats

File Path                                       PID    Runtime      # DAGs    # Errors  Last Runtime    Last Run               Last # of DB Queries
----------------------------------------------  -----  ---------  --------  ----------  --------------  -------------------  ----------------------
/opt/airflow/dags/crybaby_training_pipeline.py                           1           0  0.10s           2026-03-22T19:35:38                      10
================================================================================
[2026-03-22T19:36:08.995+0000] {manager.py:997} INFO - 
================================================================================
DAG File Processing Stats

File Path                                       PID    Runtime      # DAGs    # Errors  Last Runtime    Last Run               Last # of DB Queries
----------------------------------------------  -----  ---------  --------  ----------  --------------  -------------------  ----------------------
/opt/airflow/dags/crybaby_training_pipeline.py                           1           0  0.11s           2026-03-22T19:36:08                      10
================================================================================
[2026-03-22T19:36:39.347+0000] {manager.py:997} INFO - 
================================================================================
DAG File Processing Stats

File Path                                       PID    Runtime      # DAGs    # Errors  Last Runtime    Last Run               Last # of DB Queries
----------------------------------------------  -----  ---------  --------  ----------  --------------  -------------------  ----------------------
/opt/airflow/dags/crybaby_training_pipeline.py                           1           0  0.20s           2026-03-22T19:36:39                      10
================================================================================
[2026-03-22T19:37:09.728+0000] {manager.py:997} INFO - 
================================================================================
DAG File Processing Stats

File Path                                       PID    Runtime      # DAGs    # Errors  Last Runtime    Last Run               Last # of DB Queries
----------------------------------------------  -----  ---------  --------  ----------  --------------  -------------------  ----------------------
/opt/airflow/dags/crybaby_training_pipeline.py                           1           0  0.21s           2026-03-22T19:37:09                      10
================================================================================
[2026-03-22T19:37:39.954+0000] {manager.py:997} INFO - 
================================================================================
DAG File Processing Stats

File Path                                       PID    Runtime      # DAGs    # Errors  Last Runtime    Last Run               Last # of DB Queries
----------------------------------------------  -----  ---------  --------  ----------  --------------  -------------------  ----------------------
/opt/airflow/dags/crybaby_training_pipeline.py                           1           0  0.10s           2026-03-22T19:37:39                      10
================================================================================
[2026-03-22T19:37:58.777+0000] {manager.py:821} INFO - Searching for files in /opt/airflow/dags
[2026-03-22T19:37:58.790+0000] {manager.py:824} INFO - There are 1 files in /opt/airflow/dags
[2026-03-22T19:38:10.205+0000] {manager.py:997} INFO - 
================================================================================
DAG File Processing Stats

File Path                                       PID    Runtime      # DAGs    # Errors  Last Runtime    Last Run               Last # of DB Queries
----------------------------------------------  -----  ---------  --------  ----------  --------------  -------------------  ----------------------
/opt/airflow/dags/crybaby_training_pipeline.py                           1           0  0.10s           2026-03-22T19:38:10                      10
================================================================================
[2026-03-22T19:38:40.440+0000] {manager.py:997} INFO - 
================================================================================
DAG File Processing Stats

File Path                                       PID    Runtime      # DAGs    # Errors  Last Runtime    Last Run               Last # of DB Queries
----------------------------------------------  -----  ---------  --------  ----------  --------------  -------------------  ----------------------
/opt/airflow/dags/crybaby_training_pipeline.py                           1           0  0.11s           2026-03-22T19:38:40                      10
================================================================================
[2026-03-22T19:39:10.801+0000] {manager.py:997} INFO - 
================================================================================
DAG File Processing Stats

File Path                                       PID    Runtime      # DAGs    # Errors  Last Runtime    Last Run               Last # of DB Queries
----------------------------------------------  -----  ---------  --------  ----------  --------------  -------------------  ----------------------
/opt/airflow/dags/crybaby_training_pipeline.py                           1           0  0.20s           2026-03-22T19:39:10                      10
================================================================================
[2026-03-22T19:39:41.130+0000] {manager.py:997} INFO - 
================================================================================
DAG File Processing Stats

File Path                                       PID    Runtime      # DAGs    # Errors  Last Runtime    Last Run               Last # of DB Queries
----------------------------------------------  -----  ---------  --------  ----------  --------------  -------------------  ----------------------
/opt/airflow/dags/crybaby_training_pipeline.py                           1           0  0.20s           2026-03-22T19:39:41                      10
================================================================================
